Building DAG of jobs...
Using shell: /opt/tljh/user/bin/bash
Provided cores: 12
Rules claiming more threads will be scaled down.
Job stats:
job                  count    min threads    max threads
-----------------  -------  -------------  -------------
all                      1              1              1
link_inputs_to_ws        1              1              1
total                    2              1              1

Select jobs to execute...

[Sat Nov 12 21:18:21 2022]
rule link_inputs_to_ws:
    input: /home/jupyter-contacttonyliu/biof501-pipeline/data/hots
    output: /home/jupyter-contacttonyliu/biof501-pipeline/workspace/run_02/reads
    jobid: 1
    reason: Missing output files: /home/jupyter-contacttonyliu/biof501-pipeline/workspace/run_02/reads
    resources: tmpdir=/tmp

[Sat Nov 12 21:18:21 2022]
Finished job 1.
1 of 2 steps (50%) done
Select jobs to execute...

[Sat Nov 12 21:18:21 2022]
localrule all:
    input: /home/jupyter-contacttonyliu/biof501-pipeline/workspace/run_02/reads
    jobid: 0
    reason: Input files updated by another job: /home/jupyter-contacttonyliu/biof501-pipeline/workspace/run_02/reads
    resources: tmpdir=/tmp

[Sat Nov 12 21:18:21 2022]
Finished job 0.
2 of 2 steps (100%) done
Complete log: .snakemake/log/2022-11-12T211820.954544.snakemake.log
