Building DAG of jobs...
Using shell: /opt/tljh/user/bin/bash
Provided cores: 12
Rules claiming more threads will be scaled down.
Job stats:
job                  count    min threads    max threads
-----------------  -------  -------------  -------------
all                      1              1              1
link_inputs_to_ws        1              1              1
spades                   1              8              8
total                    3              1              8

Select jobs to execute...

[Sat Nov 12 21:32:11 2022]
rule link_inputs_to_ws:
    input: /home/jupyter-contacttonyliu/biof501-pipeline/data/hots
    output: /home/jupyter-contacttonyliu/biof501-pipeline/workspace/run_02/reads
    jobid: 2
    reason: Missing output files: /home/jupyter-contacttonyliu/biof501-pipeline/workspace/run_02/reads
    resources: tmpdir=/tmp

[Sat Nov 12 21:32:11 2022]
Finished job 2.
1 of 3 steps (33%) done
Select jobs to execute...

[Sat Nov 12 21:32:11 2022]
rule spades:
    input: /home/jupyter-contacttonyliu/biof501-pipeline/workspace/run_02/reads
    output: /home/jupyter-contacttonyliu/biof501-pipeline/workspace/run_02/contigs/contigs.fasta
    jobid: 1
    reason: Missing output files: /home/jupyter-contacttonyliu/biof501-pipeline/workspace/run_02/contigs/contigs.fasta; Input files updated by another job: /home/jupyter-contacttonyliu/biof501-pipeline/workspace/run_02/reads
    threads: 8
    resources: tmpdir=/tmp, mem_mb=110000

[Sat Nov 12 21:32:11 2022]
Error in rule spades:
    jobid: 1
    input: /home/jupyter-contacttonyliu/biof501-pipeline/workspace/run_02/reads
    output: /home/jupyter-contacttonyliu/biof501-pipeline/workspace/run_02/contigs/contigs.fasta
    shell:
        singularity run /home/jupyter-contacttonyliu/biof501-pipeline/lib/spades.sif spades.py             --meta -t (threads) -m 110000             None         
        (one of the commands exited with non-zero exit code; note that snakemake uses bash strict mode!)

Shutting down, this might take some time.
Exiting because a job execution failed. Look above for error message
Complete log: .snakemake/log/2022-11-12T213211.396842.snakemake.log
